2020-09-16 13:59:41,078 [main] INFO  [c.j.springbootlogback.SpringbootLogbackApplication] StartupInfoLogger.java:50 - Starting SpringbootLogbackApplication on Johann with PID 7780 (D:\springbootdemo\springboot-logback\target\classes started by Administrator in D:\springbootdemo)
2020-09-16 13:59:41,135 [main] INFO  [c.j.springbootlogback.SpringbootLogbackApplication] SpringApplication.java:675 - No active profile set, falling back to default profiles: default
2020-09-16 13:59:41,939 [main] INFO  [o.s.boot.web.embedded.tomcat.TomcatWebServer] TomcatWebServer.java:90 - Tomcat initialized with port(s): 8080 (http)
2020-09-16 13:59:41,951 [main] INFO  [org.apache.catalina.core.StandardService] DirectJDKLog.java:173 - Starting service [Tomcat]
2020-09-16 13:59:41,951 [main] INFO  [org.apache.catalina.core.StandardEngine] DirectJDKLog.java:173 - Starting Servlet Engine: Apache Tomcat/9.0.12
2020-09-16 13:59:41,956 [main] INFO  [org.apache.catalina.core.AprLifecycleListener] DirectJDKLog.java:173 - Loaded APR based Apache Tomcat Native library [1.2.17] using APR version [1.6.3].
2020-09-16 13:59:41,956 [main] INFO  [org.apache.catalina.core.AprLifecycleListener] DirectJDKLog.java:173 - APR capabilities: IPv6 [true], sendfile [true], accept filters [false], random [true].
2020-09-16 13:59:41,956 [main] INFO  [org.apache.catalina.core.AprLifecycleListener] DirectJDKLog.java:173 - APR/OpenSSL configuration: useAprConnector [false], useOpenSSL [true]
2020-09-16 13:59:42,989 [main] INFO  [org.apache.catalina.core.AprLifecycleListener] DirectJDKLog.java:173 - OpenSSL successfully initialized [OpenSSL 1.0.2o  27 Mar 2018]
2020-09-16 13:59:43,043 [main] INFO  [o.a.c.c.ContainerBase.[Tomcat].[localhost].[/demo]] DirectJDKLog.java:173 - Initializing Spring embedded WebApplicationContext
2020-09-16 13:59:43,044 [main] INFO  [org.springframework.web.context.ContextLoader] ServletWebServerApplicationContext.java:285 - Root WebApplicationContext: initialization completed in 1822 ms
2020-09-16 13:59:43,060 [main] INFO  [o.s.boot.web.servlet.ServletRegistrationBean] ServletRegistrationBean.java:186 - Servlet dispatcherServlet mapped to [/]
2020-09-16 13:59:43,063 [main] INFO  [o.s.boot.web.servlet.FilterRegistrationBean] AbstractFilterRegistrationBean.java:248 - Mapping filter: 'characterEncodingFilter' to: [/*]
2020-09-16 13:59:43,064 [main] INFO  [o.s.boot.web.servlet.FilterRegistrationBean] AbstractFilterRegistrationBean.java:248 - Mapping filter: 'hiddenHttpMethodFilter' to: [/*]
2020-09-16 13:59:43,064 [main] INFO  [o.s.boot.web.servlet.FilterRegistrationBean] AbstractFilterRegistrationBean.java:248 - Mapping filter: 'formContentFilter' to: [/*]
2020-09-16 13:59:43,064 [main] INFO  [o.s.boot.web.servlet.FilterRegistrationBean] AbstractFilterRegistrationBean.java:248 - Mapping filter: 'requestContextFilter' to: [/*]
2020-09-16 13:59:43,203 [main] INFO  [o.s.scheduling.concurrent.ThreadPoolTaskExecutor] ExecutorConfigurationSupport.java:171 - Initializing ExecutorService 'applicationTaskExecutor'
2020-09-16 13:59:43,338 [main] INFO  [o.s.boot.web.embedded.tomcat.TomcatWebServer] TomcatWebServer.java:204 - Tomcat started on port(s): 8080 (http) with context path '/demo'
2020-09-16 13:59:43,341 [main] INFO  [c.j.springbootlogback.SpringbootLogbackApplication] StartupInfoLogger.java:59 - Started SpringbootLogbackApplication in 3.414 seconds (JVM running for 4.188)
2020-09-16 13:59:43,342 [main] INFO  [c.j.springbootlogback.SpringbootLogbackApplication] SpringbootLogbackApplication.java:18 - Spring boot启动初始化了 126 个 Bean
2020-09-16 13:59:43,343 [main] WARN  [c.j.springbootlogback.SpringbootLogbackApplication] SpringbootLogbackApplication.java:19 - Spring boot启动初始化了 126 个 Bean
2020-09-16 14:03:38,667 [main] INFO  [c.j.springbootlogback.SpringbootLogbackApplication] StartupInfoLogger.java:50 - Starting SpringbootLogbackApplication on Johann with PID 9788 (D:\springbootdemo\springboot-logback\target\classes started by Administrator in D:\springbootdemo)
2020-09-16 14:03:38,671 [main] INFO  [c.j.springbootlogback.SpringbootLogbackApplication] SpringApplication.java:675 - No active profile set, falling back to default profiles: default
2020-09-16 14:03:39,324 [main] INFO  [o.s.boot.web.embedded.tomcat.TomcatWebServer] TomcatWebServer.java:90 - Tomcat initialized with port(s): 8080 (http)
2020-09-16 14:03:39,335 [main] INFO  [org.apache.catalina.core.StandardService] DirectJDKLog.java:173 - Starting service [Tomcat]
2020-09-16 14:03:39,335 [main] INFO  [org.apache.catalina.core.StandardEngine] DirectJDKLog.java:173 - Starting Servlet Engine: Apache Tomcat/9.0.12
2020-09-16 14:03:39,339 [main] INFO  [org.apache.catalina.core.AprLifecycleListener] DirectJDKLog.java:173 - Loaded APR based Apache Tomcat Native library [1.2.17] using APR version [1.6.3].
2020-09-16 14:03:39,340 [main] INFO  [org.apache.catalina.core.AprLifecycleListener] DirectJDKLog.java:173 - APR capabilities: IPv6 [true], sendfile [true], accept filters [false], random [true].
2020-09-16 14:03:39,340 [main] INFO  [org.apache.catalina.core.AprLifecycleListener] DirectJDKLog.java:173 - APR/OpenSSL configuration: useAprConnector [false], useOpenSSL [true]
2020-09-16 14:03:40,373 [main] INFO  [org.apache.catalina.core.AprLifecycleListener] DirectJDKLog.java:173 - OpenSSL successfully initialized [OpenSSL 1.0.2o  27 Mar 2018]
2020-09-16 14:03:40,421 [main] INFO  [o.a.c.c.ContainerBase.[Tomcat].[localhost].[/demo]] DirectJDKLog.java:173 - Initializing Spring embedded WebApplicationContext
2020-09-16 14:03:40,422 [main] INFO  [org.springframework.web.context.ContextLoader] ServletWebServerApplicationContext.java:285 - Root WebApplicationContext: initialization completed in 1691 ms
2020-09-16 14:03:40,436 [main] INFO  [o.s.boot.web.servlet.ServletRegistrationBean] ServletRegistrationBean.java:186 - Servlet dispatcherServlet mapped to [/]
2020-09-16 14:03:40,438 [main] INFO  [o.s.boot.web.servlet.FilterRegistrationBean] AbstractFilterRegistrationBean.java:248 - Mapping filter: 'characterEncodingFilter' to: [/*]
2020-09-16 14:03:40,439 [main] INFO  [o.s.boot.web.servlet.FilterRegistrationBean] AbstractFilterRegistrationBean.java:248 - Mapping filter: 'hiddenHttpMethodFilter' to: [/*]
2020-09-16 14:03:40,439 [main] INFO  [o.s.boot.web.servlet.FilterRegistrationBean] AbstractFilterRegistrationBean.java:248 - Mapping filter: 'formContentFilter' to: [/*]
2020-09-16 14:03:40,439 [main] INFO  [o.s.boot.web.servlet.FilterRegistrationBean] AbstractFilterRegistrationBean.java:248 - Mapping filter: 'requestContextFilter' to: [/*]
2020-09-16 14:03:40,555 [main] INFO  [o.s.scheduling.concurrent.ThreadPoolTaskExecutor] ExecutorConfigurationSupport.java:171 - Initializing ExecutorService 'applicationTaskExecutor'
2020-09-16 14:03:40,672 [main] INFO  [o.s.boot.web.embedded.tomcat.TomcatWebServer] TomcatWebServer.java:204 - Tomcat started on port(s): 8080 (http) with context path '/demo'
2020-09-16 14:03:40,675 [main] INFO  [c.j.springbootlogback.SpringbootLogbackApplication] StartupInfoLogger.java:59 - Started SpringbootLogbackApplication in 2.357 seconds (JVM running for 2.835)
2020-09-16 14:03:40,677 [main] INFO  [c.j.springbootlogback.SpringbootLogbackApplication] SpringbootLogbackApplication.java:18 - Spring boot启动初始化了 126 个 Bean
2020-09-16 14:03:40,677 [main] WARN  [c.j.springbootlogback.SpringbootLogbackApplication] SpringbootLogbackApplication.java:19 - Spring boot启动初始化了 126 个 Bean
2020-09-16 17:44:39,313 [main] INFO  [com.johann.springbootaop.SpringbootAopApplication] StartupInfoLogger.java:50 - Starting SpringbootAopApplication on Johann with PID 84 (D:\springbootdemo\springboot-aop\target\classes started by Administrator in D:\springbootdemo)
2020-09-16 17:44:39,316 [main] INFO  [com.johann.springbootaop.SpringbootAopApplication] SpringApplication.java:675 - No active profile set, falling back to default profiles: default
2020-09-16 17:44:40,635 [main] INFO  [o.s.boot.web.embedded.tomcat.TomcatWebServer] TomcatWebServer.java:90 - Tomcat initialized with port(s): 8080 (http)
2020-09-16 17:44:40,653 [main] INFO  [org.apache.catalina.core.StandardService] DirectJDKLog.java:173 - Starting service [Tomcat]
2020-09-16 17:44:40,653 [main] INFO  [org.apache.catalina.core.StandardEngine] DirectJDKLog.java:173 - Starting Servlet Engine: Apache Tomcat/9.0.12
2020-09-16 17:44:40,664 [main] INFO  [org.apache.catalina.core.AprLifecycleListener] DirectJDKLog.java:173 - Loaded APR based Apache Tomcat Native library [1.2.17] using APR version [1.6.3].
2020-09-16 17:44:40,664 [main] INFO  [org.apache.catalina.core.AprLifecycleListener] DirectJDKLog.java:173 - APR capabilities: IPv6 [true], sendfile [true], accept filters [false], random [true].
2020-09-16 17:44:40,664 [main] INFO  [org.apache.catalina.core.AprLifecycleListener] DirectJDKLog.java:173 - APR/OpenSSL configuration: useAprConnector [false], useOpenSSL [true]
2020-09-16 17:44:41,704 [main] INFO  [org.apache.catalina.core.AprLifecycleListener] DirectJDKLog.java:173 - OpenSSL successfully initialized [OpenSSL 1.0.2o  27 Mar 2018]
2020-09-16 17:44:41,809 [main] INFO  [o.a.c.c.C.[Tomcat].[localhost].[/demoAop]] DirectJDKLog.java:173 - Initializing Spring embedded WebApplicationContext
2020-09-16 17:44:41,810 [main] INFO  [org.springframework.web.context.ContextLoader] ServletWebServerApplicationContext.java:285 - Root WebApplicationContext: initialization completed in 2461 ms
2020-09-16 17:44:41,863 [main] INFO  [o.s.boot.web.servlet.ServletRegistrationBean] ServletRegistrationBean.java:186 - Servlet dispatcherServlet mapped to [/]
2020-09-16 17:44:41,867 [main] INFO  [o.s.boot.web.servlet.FilterRegistrationBean] AbstractFilterRegistrationBean.java:248 - Mapping filter: 'characterEncodingFilter' to: [/*]
2020-09-16 17:44:41,868 [main] INFO  [o.s.boot.web.servlet.FilterRegistrationBean] AbstractFilterRegistrationBean.java:248 - Mapping filter: 'hiddenHttpMethodFilter' to: [/*]
2020-09-16 17:44:41,868 [main] INFO  [o.s.boot.web.servlet.FilterRegistrationBean] AbstractFilterRegistrationBean.java:248 - Mapping filter: 'formContentFilter' to: [/*]
2020-09-16 17:44:41,868 [main] INFO  [o.s.boot.web.servlet.FilterRegistrationBean] AbstractFilterRegistrationBean.java:248 - Mapping filter: 'requestContextFilter' to: [/*]
2020-09-16 17:44:42,401 [main] INFO  [o.s.scheduling.concurrent.ThreadPoolTaskExecutor] ExecutorConfigurationSupport.java:171 - Initializing ExecutorService 'applicationTaskExecutor'
2020-09-16 17:44:42,710 [main] INFO  [o.s.boot.web.embedded.tomcat.TomcatWebServer] TomcatWebServer.java:204 - Tomcat started on port(s): 8080 (http) with context path '/demoAop'
2020-09-16 17:44:42,713 [main] INFO  [com.johann.springbootaop.SpringbootAopApplication] StartupInfoLogger.java:59 - Started SpringbootAopApplication in 3.898 seconds (JVM running for 4.595)
2020-09-16 17:45:51,384 [http-nio-8080-exec-2] INFO  [o.a.c.c.C.[Tomcat].[localhost].[/demoAop]] DirectJDKLog.java:173 - Initializing Spring DispatcherServlet 'dispatcherServlet'
2020-09-16 17:45:51,385 [http-nio-8080-exec-2] INFO  [org.springframework.web.servlet.DispatcherServlet] FrameworkServlet.java:521 - Initializing Servlet 'dispatcherServlet'
2020-09-16 17:45:51,401 [http-nio-8080-exec-2] INFO  [org.springframework.web.servlet.DispatcherServlet] FrameworkServlet.java:543 - Completed initialization in 16 ms
2020-09-16 17:46:08,782 [main] INFO  [com.johann.springbootaop.SpringbootAopApplication] StartupInfoLogger.java:50 - Starting SpringbootAopApplication on Johann with PID 2644 (D:\springbootdemo\springboot-aop\target\classes started by Administrator in D:\springbootdemo)
2020-09-16 17:46:08,785 [main] INFO  [com.johann.springbootaop.SpringbootAopApplication] SpringApplication.java:675 - No active profile set, falling back to default profiles: default
2020-09-16 17:46:09,655 [main] INFO  [o.s.boot.web.embedded.tomcat.TomcatWebServer] TomcatWebServer.java:90 - Tomcat initialized with port(s): 8080 (http)
2020-09-16 17:46:09,666 [main] INFO  [org.apache.catalina.core.StandardService] DirectJDKLog.java:173 - Starting service [Tomcat]
2020-09-16 17:46:09,666 [main] INFO  [org.apache.catalina.core.StandardEngine] DirectJDKLog.java:173 - Starting Servlet Engine: Apache Tomcat/9.0.12
2020-09-16 17:46:09,671 [main] INFO  [org.apache.catalina.core.AprLifecycleListener] DirectJDKLog.java:173 - Loaded APR based Apache Tomcat Native library [1.2.17] using APR version [1.6.3].
2020-09-16 17:46:09,671 [main] INFO  [org.apache.catalina.core.AprLifecycleListener] DirectJDKLog.java:173 - APR capabilities: IPv6 [true], sendfile [true], accept filters [false], random [true].
2020-09-16 17:46:09,671 [main] INFO  [org.apache.catalina.core.AprLifecycleListener] DirectJDKLog.java:173 - APR/OpenSSL configuration: useAprConnector [false], useOpenSSL [true]
2020-09-16 17:46:10,688 [main] INFO  [org.apache.catalina.core.AprLifecycleListener] DirectJDKLog.java:173 - OpenSSL successfully initialized [OpenSSL 1.0.2o  27 Mar 2018]
2020-09-16 17:46:10,746 [main] INFO  [o.a.c.c.C.[Tomcat].[localhost].[/demoAop]] DirectJDKLog.java:173 - Initializing Spring embedded WebApplicationContext
2020-09-16 17:46:10,746 [main] INFO  [org.springframework.web.context.ContextLoader] ServletWebServerApplicationContext.java:285 - Root WebApplicationContext: initialization completed in 1929 ms
2020-09-16 17:46:10,767 [main] INFO  [o.s.boot.web.servlet.ServletRegistrationBean] ServletRegistrationBean.java:186 - Servlet dispatcherServlet mapped to [/]
2020-09-16 17:46:10,770 [main] INFO  [o.s.boot.web.servlet.FilterRegistrationBean] AbstractFilterRegistrationBean.java:248 - Mapping filter: 'characterEncodingFilter' to: [/*]
2020-09-16 17:46:10,770 [main] INFO  [o.s.boot.web.servlet.FilterRegistrationBean] AbstractFilterRegistrationBean.java:248 - Mapping filter: 'hiddenHttpMethodFilter' to: [/*]
2020-09-16 17:46:10,771 [main] INFO  [o.s.boot.web.servlet.FilterRegistrationBean] AbstractFilterRegistrationBean.java:248 - Mapping filter: 'formContentFilter' to: [/*]
2020-09-16 17:46:10,771 [main] INFO  [o.s.boot.web.servlet.FilterRegistrationBean] AbstractFilterRegistrationBean.java:248 - Mapping filter: 'requestContextFilter' to: [/*]
2020-09-16 17:46:10,987 [main] INFO  [o.s.scheduling.concurrent.ThreadPoolTaskExecutor] ExecutorConfigurationSupport.java:171 - Initializing ExecutorService 'applicationTaskExecutor'
2020-09-16 17:46:11,159 [main] INFO  [o.s.boot.web.embedded.tomcat.TomcatWebServer] TomcatWebServer.java:204 - Tomcat started on port(s): 8080 (http) with context path '/demoAop'
2020-09-16 17:46:11,161 [main] INFO  [com.johann.springbootaop.SpringbootAopApplication] StartupInfoLogger.java:59 - Started SpringbootAopApplication in 2.726 seconds (JVM running for 3.211)
2020-09-16 17:46:37,998 [http-nio-8080-exec-1] INFO  [o.a.c.c.C.[Tomcat].[localhost].[/demoAop]] DirectJDKLog.java:173 - Initializing Spring DispatcherServlet 'dispatcherServlet'
2020-09-16 17:46:37,998 [http-nio-8080-exec-1] INFO  [org.springframework.web.servlet.DispatcherServlet] FrameworkServlet.java:521 - Initializing Servlet 'dispatcherServlet'
2020-09-16 17:46:38,006 [http-nio-8080-exec-1] INFO  [org.springframework.web.servlet.DispatcherServlet] FrameworkServlet.java:543 - Completed initialization in 8 ms
2020-09-16 17:46:38,028 [http-nio-8080-exec-1] INFO  [com.johann.springbootaop.aspectConfig.AopLog] AopLog.java:56 - 【请求 URL】：http://localhost:8080/demoAop/testAop
2020-09-16 17:46:38,028 [http-nio-8080-exec-1] INFO  [com.johann.springbootaop.aspectConfig.AopLog] AopLog.java:57 - 【请求 IP】：0:0:0:0:0:0:0:1
2020-09-16 17:46:38,029 [http-nio-8080-exec-1] INFO  [com.johann.springbootaop.aspectConfig.AopLog] AopLog.java:58 - 【请求 类名】：com.johann.springbootaop.controller.AopController，【请求 方法名】：testAop
2020-09-16 17:46:38,033 [http-nio-8080-exec-1] INFO  [com.johann.springbootaop.aspectConfig.AopLog] AopLog.java:61 - 【请求参数】：{}
2020-09-16 17:46:38,045 [http-nio-8080-exec-1] INFO  [com.johann.springbootaop.aspectConfig.AopLog] AopLog.java:79 - 【返回值】：{"name":"Johann"}
2020-09-16 17:46:38,046 [http-nio-8080-exec-1] INFO  [com.johann.springbootaop.aspectConfig.AopLog] AopLog.java:103 - 【请求耗时】：12毫秒
2020-09-16 17:46:38,057 [http-nio-8080-exec-1] INFO  [com.johann.springbootaop.aspectConfig.AopLog] AopLog.java:109 - 【浏览器类型】：CHROME8，【操作系统】：WINDOWS_10，【原始User-Agent】：Mozilla/5.0 (Windows NT 10.0; Win64; x64) AppleWebKit/537.36 (KHTML, like Gecko) Chrome/85.0.4183.102 Safari/537.36
2020-09-16 17:47:20,802 [main] INFO  [com.johann.springbootaop.SpringbootAopApplication] StartupInfoLogger.java:50 - Starting SpringbootAopApplication on Johann with PID 14008 (D:\springbootdemo\springboot-aop\target\classes started by Administrator in D:\springbootdemo)
2020-09-16 17:47:20,805 [main] INFO  [com.johann.springbootaop.SpringbootAopApplication] SpringApplication.java:675 - No active profile set, falling back to default profiles: default
2020-09-16 17:47:21,657 [main] INFO  [o.s.boot.web.embedded.tomcat.TomcatWebServer] TomcatWebServer.java:90 - Tomcat initialized with port(s): 8080 (http)
2020-09-16 17:47:21,669 [main] INFO  [org.apache.catalina.core.StandardService] DirectJDKLog.java:173 - Starting service [Tomcat]
2020-09-16 17:47:21,669 [main] INFO  [org.apache.catalina.core.StandardEngine] DirectJDKLog.java:173 - Starting Servlet Engine: Apache Tomcat/9.0.12
2020-09-16 17:47:21,675 [main] INFO  [org.apache.catalina.core.AprLifecycleListener] DirectJDKLog.java:173 - Loaded APR based Apache Tomcat Native library [1.2.17] using APR version [1.6.3].
2020-09-16 17:47:21,675 [main] INFO  [org.apache.catalina.core.AprLifecycleListener] DirectJDKLog.java:173 - APR capabilities: IPv6 [true], sendfile [true], accept filters [false], random [true].
2020-09-16 17:47:21,675 [main] INFO  [org.apache.catalina.core.AprLifecycleListener] DirectJDKLog.java:173 - APR/OpenSSL configuration: useAprConnector [false], useOpenSSL [true]
2020-09-16 17:47:22,708 [main] INFO  [org.apache.catalina.core.AprLifecycleListener] DirectJDKLog.java:173 - OpenSSL successfully initialized [OpenSSL 1.0.2o  27 Mar 2018]
2020-09-16 17:47:22,761 [main] INFO  [o.a.c.c.C.[Tomcat].[localhost].[/demoAop]] DirectJDKLog.java:173 - Initializing Spring embedded WebApplicationContext
2020-09-16 17:47:22,761 [main] INFO  [org.springframework.web.context.ContextLoader] ServletWebServerApplicationContext.java:285 - Root WebApplicationContext: initialization completed in 1881 ms
2020-09-16 17:47:22,785 [main] INFO  [o.s.boot.web.servlet.ServletRegistrationBean] ServletRegistrationBean.java:186 - Servlet dispatcherServlet mapped to [/]
2020-09-16 17:47:22,788 [main] INFO  [o.s.boot.web.servlet.FilterRegistrationBean] AbstractFilterRegistrationBean.java:248 - Mapping filter: 'characterEncodingFilter' to: [/*]
2020-09-16 17:47:22,789 [main] INFO  [o.s.boot.web.servlet.FilterRegistrationBean] AbstractFilterRegistrationBean.java:248 - Mapping filter: 'hiddenHttpMethodFilter' to: [/*]
2020-09-16 17:47:22,789 [main] INFO  [o.s.boot.web.servlet.FilterRegistrationBean] AbstractFilterRegistrationBean.java:248 - Mapping filter: 'formContentFilter' to: [/*]
2020-09-16 17:47:22,789 [main] INFO  [o.s.boot.web.servlet.FilterRegistrationBean] AbstractFilterRegistrationBean.java:248 - Mapping filter: 'requestContextFilter' to: [/*]
2020-09-16 17:47:23,023 [main] INFO  [o.s.scheduling.concurrent.ThreadPoolTaskExecutor] ExecutorConfigurationSupport.java:171 - Initializing ExecutorService 'applicationTaskExecutor'
2020-09-16 17:47:23,190 [main] INFO  [o.s.boot.web.embedded.tomcat.TomcatWebServer] TomcatWebServer.java:204 - Tomcat started on port(s): 8080 (http) with context path '/demoAop'
2020-09-16 17:47:23,233 [main] INFO  [com.johann.springbootaop.SpringbootAopApplication] StartupInfoLogger.java:59 - Started SpringbootAopApplication in 2.772 seconds (JVM running for 3.237)
2020-09-16 17:47:25,946 [http-nio-8080-exec-1] INFO  [o.a.c.c.C.[Tomcat].[localhost].[/demoAop]] DirectJDKLog.java:173 - Initializing Spring DispatcherServlet 'dispatcherServlet'
2020-09-16 17:47:25,947 [http-nio-8080-exec-1] INFO  [org.springframework.web.servlet.DispatcherServlet] FrameworkServlet.java:521 - Initializing Servlet 'dispatcherServlet'
2020-09-16 17:47:25,952 [http-nio-8080-exec-1] INFO  [org.springframework.web.servlet.DispatcherServlet] FrameworkServlet.java:543 - Completed initialization in 5 ms
2020-09-16 17:47:39,966 [http-nio-8080-exec-6] INFO  [com.johann.springbootaop.aspectConfig.AopLog] AopLog.java:56 - 【请求 URL】：http://localhost:8080/demoAop/testAop
2020-09-16 17:47:39,966 [http-nio-8080-exec-6] INFO  [com.johann.springbootaop.aspectConfig.AopLog] AopLog.java:57 - 【请求 IP】：0:0:0:0:0:0:0:1
2020-09-16 17:47:39,967 [http-nio-8080-exec-6] INFO  [com.johann.springbootaop.aspectConfig.AopLog] AopLog.java:58 - 【请求 类名】：com.johann.springbootaop.controller.AopController，【请求 方法名】：testAop
2020-09-16 17:47:39,971 [http-nio-8080-exec-6] INFO  [com.johann.springbootaop.aspectConfig.AopLog] AopLog.java:61 - 【请求参数】：{}
2020-09-16 17:47:39,982 [http-nio-8080-exec-6] INFO  [com.johann.springbootaop.aspectConfig.AopLog] AopLog.java:79 - 【返回值】：{"name":"Johann"}
2020-09-16 17:47:39,982 [http-nio-8080-exec-6] INFO  [com.johann.springbootaop.aspectConfig.AopLog] AopLog.java:103 - 【请求耗时】：10毫秒
2020-09-16 17:47:39,994 [http-nio-8080-exec-6] INFO  [com.johann.springbootaop.aspectConfig.AopLog] AopLog.java:109 - 【浏览器类型】：CHROME8，【操作系统】：WINDOWS_10，【原始User-Agent】：Mozilla/5.0 (Windows NT 10.0; Win64; x64) AppleWebKit/537.36 (KHTML, like Gecko) Chrome/85.0.4183.102 Safari/537.36
2020-09-16 17:47:49,904 [main] INFO  [com.johann.springbootaop.SpringbootAopApplication] StartupInfoLogger.java:50 - Starting SpringbootAopApplication on Johann with PID 10636 (D:\springbootdemo\springboot-aop\target\classes started by Administrator in D:\springbootdemo)
2020-09-16 17:47:49,908 [main] INFO  [com.johann.springbootaop.SpringbootAopApplication] SpringApplication.java:675 - No active profile set, falling back to default profiles: default
2020-09-16 17:47:50,752 [main] INFO  [o.s.boot.web.embedded.tomcat.TomcatWebServer] TomcatWebServer.java:90 - Tomcat initialized with port(s): 8080 (http)
2020-09-16 17:47:50,772 [main] INFO  [org.apache.catalina.core.StandardService] DirectJDKLog.java:173 - Starting service [Tomcat]
2020-09-16 17:47:50,772 [main] INFO  [org.apache.catalina.core.StandardEngine] DirectJDKLog.java:173 - Starting Servlet Engine: Apache Tomcat/9.0.12
2020-09-16 17:47:50,776 [main] INFO  [org.apache.catalina.core.AprLifecycleListener] DirectJDKLog.java:173 - Loaded APR based Apache Tomcat Native library [1.2.17] using APR version [1.6.3].
2020-09-16 17:47:50,777 [main] INFO  [org.apache.catalina.core.AprLifecycleListener] DirectJDKLog.java:173 - APR capabilities: IPv6 [true], sendfile [true], accept filters [false], random [true].
2020-09-16 17:47:50,777 [main] INFO  [org.apache.catalina.core.AprLifecycleListener] DirectJDKLog.java:173 - APR/OpenSSL configuration: useAprConnector [false], useOpenSSL [true]
2020-09-16 17:47:51,797 [main] INFO  [org.apache.catalina.core.AprLifecycleListener] DirectJDKLog.java:173 - OpenSSL successfully initialized [OpenSSL 1.0.2o  27 Mar 2018]
2020-09-16 17:47:51,848 [main] INFO  [o.a.c.c.C.[Tomcat].[localhost].[/demoAop]] DirectJDKLog.java:173 - Initializing Spring embedded WebApplicationContext
2020-09-16 17:47:51,849 [main] INFO  [org.springframework.web.context.ContextLoader] ServletWebServerApplicationContext.java:285 - Root WebApplicationContext: initialization completed in 1908 ms
2020-09-16 17:47:51,869 [main] INFO  [o.s.boot.web.servlet.ServletRegistrationBean] ServletRegistrationBean.java:186 - Servlet dispatcherServlet mapped to [/]
2020-09-16 17:47:51,872 [main] INFO  [o.s.boot.web.servlet.FilterRegistrationBean] AbstractFilterRegistrationBean.java:248 - Mapping filter: 'characterEncodingFilter' to: [/*]
2020-09-16 17:47:51,872 [main] INFO  [o.s.boot.web.servlet.FilterRegistrationBean] AbstractFilterRegistrationBean.java:248 - Mapping filter: 'hiddenHttpMethodFilter' to: [/*]
2020-09-16 17:47:51,873 [main] INFO  [o.s.boot.web.servlet.FilterRegistrationBean] AbstractFilterRegistrationBean.java:248 - Mapping filter: 'formContentFilter' to: [/*]
2020-09-16 17:47:51,873 [main] INFO  [o.s.boot.web.servlet.FilterRegistrationBean] AbstractFilterRegistrationBean.java:248 - Mapping filter: 'requestContextFilter' to: [/*]
2020-09-16 17:47:52,081 [main] INFO  [o.s.scheduling.concurrent.ThreadPoolTaskExecutor] ExecutorConfigurationSupport.java:171 - Initializing ExecutorService 'applicationTaskExecutor'
2020-09-16 17:47:52,278 [main] INFO  [o.s.boot.web.embedded.tomcat.TomcatWebServer] TomcatWebServer.java:204 - Tomcat started on port(s): 8080 (http) with context path '/demoAop'
2020-09-16 17:47:52,280 [main] INFO  [com.johann.springbootaop.SpringbootAopApplication] StartupInfoLogger.java:59 - Started SpringbootAopApplication in 2.714 seconds (JVM running for 3.181)
2020-09-16 17:47:59,652 [http-nio-8080-exec-1] INFO  [o.a.c.c.C.[Tomcat].[localhost].[/demoAop]] DirectJDKLog.java:173 - Initializing Spring DispatcherServlet 'dispatcherServlet'
2020-09-16 17:47:59,652 [http-nio-8080-exec-1] INFO  [org.springframework.web.servlet.DispatcherServlet] FrameworkServlet.java:521 - Initializing Servlet 'dispatcherServlet'
2020-09-16 17:47:59,660 [http-nio-8080-exec-1] INFO  [org.springframework.web.servlet.DispatcherServlet] FrameworkServlet.java:543 - Completed initialization in 8 ms
2020-09-16 17:47:59,680 [http-nio-8080-exec-1] INFO  [com.johann.springbootaop.aspectConfig.AopLog] AopLog.java:56 - 【请求 URL】：http://localhost:8080/demoAop/testAop
2020-09-16 17:47:59,680 [http-nio-8080-exec-1] INFO  [com.johann.springbootaop.aspectConfig.AopLog] AopLog.java:57 - 【请求 IP】：0:0:0:0:0:0:0:1
2020-09-16 17:47:59,681 [http-nio-8080-exec-1] INFO  [com.johann.springbootaop.aspectConfig.AopLog] AopLog.java:58 - 【请求 类名】：com.johann.springbootaop.controller.AopController，【请求 方法名】：testAop
2020-09-16 17:47:59,686 [http-nio-8080-exec-1] INFO  [com.johann.springbootaop.aspectConfig.AopLog] AopLog.java:61 - 【请求参数】：{}
2020-09-16 17:47:59,697 [http-nio-8080-exec-1] INFO  [com.johann.springbootaop.aspectConfig.AopLog] AopLog.java:79 - 【返回值】：{"name":"Johann"}
2020-09-16 17:47:59,697 [http-nio-8080-exec-1] INFO  [com.johann.springbootaop.aspectConfig.AopLog] AopLog.java:103 - 【请求耗时】：11毫秒
2020-09-16 17:47:59,706 [http-nio-8080-exec-1] INFO  [com.johann.springbootaop.aspectConfig.AopLog] AopLog.java:109 - 【浏览器类型】：CHROME8，【操作系统】：WINDOWS_10，【原始User-Agent】：Mozilla/5.0 (Windows NT 10.0; Win64; x64) AppleWebKit/537.36 (KHTML, like Gecko) Chrome/85.0.4183.102 Safari/537.36
2020-09-16 17:48:20,576 [http-nio-8080-exec-3] INFO  [com.johann.springbootaop.aspectConfig.AopLog] AopLog.java:56 - 【请求 URL】：http://localhost:8080/demoAop/testAop
2020-09-16 17:48:20,577 [http-nio-8080-exec-3] INFO  [com.johann.springbootaop.aspectConfig.AopLog] AopLog.java:57 - 【请求 IP】：0:0:0:0:0:0:0:1
2020-09-16 17:48:20,577 [http-nio-8080-exec-3] INFO  [com.johann.springbootaop.aspectConfig.AopLog] AopLog.java:58 - 【请求 类名】：com.johann.springbootaop.controller.AopController，【请求 方法名】：testAop
2020-09-16 17:48:20,577 [http-nio-8080-exec-3] INFO  [com.johann.springbootaop.aspectConfig.AopLog] AopLog.java:61 - 【请求参数】：{}
2020-09-16 17:48:20,578 [http-nio-8080-exec-3] INFO  [com.johann.springbootaop.aspectConfig.AopLog] AopLog.java:79 - 【返回值】：{"name":"Johann"}
2020-09-16 17:48:20,578 [http-nio-8080-exec-3] INFO  [com.johann.springbootaop.aspectConfig.AopLog] AopLog.java:103 - 【请求耗时】：1毫秒
2020-09-16 17:48:20,578 [http-nio-8080-exec-3] INFO  [com.johann.springbootaop.aspectConfig.AopLog] AopLog.java:109 - 【浏览器类型】：CHROME8，【操作系统】：WINDOWS_10，【原始User-Agent】：Mozilla/5.0 (Windows NT 10.0; Win64; x64) AppleWebKit/537.36 (KHTML, like Gecko) Chrome/85.0.4183.102 Safari/537.36
2020-09-16 17:48:24,591 [http-nio-8080-exec-7] INFO  [com.johann.springbootaop.aspectConfig.AopLog] AopLog.java:56 - 【请求 URL】：http://localhost:8080/demoAop/testAop
2020-09-16 17:48:24,592 [http-nio-8080-exec-7] INFO  [com.johann.springbootaop.aspectConfig.AopLog] AopLog.java:57 - 【请求 IP】：0:0:0:0:0:0:0:1
2020-09-16 17:48:24,592 [http-nio-8080-exec-7] INFO  [com.johann.springbootaop.aspectConfig.AopLog] AopLog.java:58 - 【请求 类名】：com.johann.springbootaop.controller.AopController，【请求 方法名】：testAop
2020-09-16 17:48:24,596 [http-nio-8080-exec-7] INFO  [com.johann.springbootaop.aspectConfig.AopLog] AopLog.java:61 - 【请求参数】：{"zhao":[""]}
2020-09-16 17:48:24,596 [http-nio-8080-exec-7] INFO  [com.johann.springbootaop.aspectConfig.AopLog] AopLog.java:79 - 【返回值】：{"name":"Johann"}
2020-09-16 17:48:24,596 [http-nio-8080-exec-7] INFO  [com.johann.springbootaop.aspectConfig.AopLog] AopLog.java:103 - 【请求耗时】：0毫秒
2020-09-16 17:48:24,597 [http-nio-8080-exec-7] INFO  [com.johann.springbootaop.aspectConfig.AopLog] AopLog.java:109 - 【浏览器类型】：CHROME8，【操作系统】：WINDOWS_10，【原始User-Agent】：Mozilla/5.0 (Windows NT 10.0; Win64; x64) AppleWebKit/537.36 (KHTML, like Gecko) Chrome/85.0.4183.102 Safari/537.36
2020-09-16 17:48:34,111 [http-nio-8080-exec-8] INFO  [com.johann.springbootaop.aspectConfig.AopLog] AopLog.java:56 - 【请求 URL】：http://localhost:8080/demoAop/testAop
2020-09-16 17:48:34,111 [http-nio-8080-exec-8] INFO  [com.johann.springbootaop.aspectConfig.AopLog] AopLog.java:57 - 【请求 IP】：0:0:0:0:0:0:0:1
2020-09-16 17:48:34,112 [http-nio-8080-exec-8] INFO  [com.johann.springbootaop.aspectConfig.AopLog] AopLog.java:58 - 【请求 类名】：com.johann.springbootaop.controller.AopController，【请求 方法名】：testAop
2020-09-16 17:48:34,112 [http-nio-8080-exec-8] INFO  [com.johann.springbootaop.aspectConfig.AopLog] AopLog.java:61 - 【请求参数】：{"name":["zhao"]}
2020-09-16 17:48:34,112 [http-nio-8080-exec-8] INFO  [com.johann.springbootaop.aspectConfig.AopLog] AopLog.java:79 - 【返回值】：{"name":"zhao"}
2020-09-16 17:48:34,113 [http-nio-8080-exec-8] INFO  [com.johann.springbootaop.aspectConfig.AopLog] AopLog.java:103 - 【请求耗时】：1毫秒
2020-09-16 17:48:34,113 [http-nio-8080-exec-8] INFO  [com.johann.springbootaop.aspectConfig.AopLog] AopLog.java:109 - 【浏览器类型】：CHROME8，【操作系统】：WINDOWS_10，【原始User-Agent】：Mozilla/5.0 (Windows NT 10.0; Win64; x64) AppleWebKit/537.36 (KHTML, like Gecko) Chrome/85.0.4183.102 Safari/537.36
2020-09-16 18:40:34,977 [main] INFO  [com.johann.springbootaop.SpringbootAopApplication] StartupInfoLogger.java:50 - Starting SpringbootAopApplication on Johann with PID 13140 (D:\springbootdemo\springboot-aop\target\classes started by Administrator in D:\springbootdemo)
2020-09-16 18:40:34,980 [main] INFO  [com.johann.springbootaop.SpringbootAopApplication] SpringApplication.java:675 - No active profile set, falling back to default profiles: default
2020-09-16 18:40:35,899 [main] INFO  [o.s.boot.web.embedded.tomcat.TomcatWebServer] TomcatWebServer.java:90 - Tomcat initialized with port(s): 8080 (http)
2020-09-16 18:40:35,910 [main] INFO  [org.apache.catalina.core.StandardService] DirectJDKLog.java:173 - Starting service [Tomcat]
2020-09-16 18:40:35,910 [main] INFO  [org.apache.catalina.core.StandardEngine] DirectJDKLog.java:173 - Starting Servlet Engine: Apache Tomcat/9.0.12
2020-09-16 18:40:35,916 [main] INFO  [org.apache.catalina.core.AprLifecycleListener] DirectJDKLog.java:173 - Loaded APR based Apache Tomcat Native library [1.2.17] using APR version [1.6.3].
2020-09-16 18:40:35,916 [main] INFO  [org.apache.catalina.core.AprLifecycleListener] DirectJDKLog.java:173 - APR capabilities: IPv6 [true], sendfile [true], accept filters [false], random [true].
2020-09-16 18:40:35,916 [main] INFO  [org.apache.catalina.core.AprLifecycleListener] DirectJDKLog.java:173 - APR/OpenSSL configuration: useAprConnector [false], useOpenSSL [true]
2020-09-16 18:40:36,937 [main] INFO  [org.apache.catalina.core.AprLifecycleListener] DirectJDKLog.java:173 - OpenSSL successfully initialized [OpenSSL 1.0.2o  27 Mar 2018]
2020-09-16 18:40:36,997 [main] INFO  [o.a.c.c.C.[Tomcat].[localhost].[/demoAop]] DirectJDKLog.java:173 - Initializing Spring embedded WebApplicationContext
2020-09-16 18:40:36,997 [main] INFO  [org.springframework.web.context.ContextLoader] ServletWebServerApplicationContext.java:285 - Root WebApplicationContext: initialization completed in 1983 ms
2020-09-16 18:40:37,016 [main] INFO  [o.s.boot.web.servlet.ServletRegistrationBean] ServletRegistrationBean.java:186 - Servlet dispatcherServlet mapped to [/]
2020-09-16 18:40:37,019 [main] INFO  [o.s.boot.web.servlet.FilterRegistrationBean] AbstractFilterRegistrationBean.java:248 - Mapping filter: 'characterEncodingFilter' to: [/*]
2020-09-16 18:40:37,019 [main] INFO  [o.s.boot.web.servlet.FilterRegistrationBean] AbstractFilterRegistrationBean.java:248 - Mapping filter: 'hiddenHttpMethodFilter' to: [/*]
2020-09-16 18:40:37,019 [main] INFO  [o.s.boot.web.servlet.FilterRegistrationBean] AbstractFilterRegistrationBean.java:248 - Mapping filter: 'formContentFilter' to: [/*]
2020-09-16 18:40:37,020 [main] INFO  [o.s.boot.web.servlet.FilterRegistrationBean] AbstractFilterRegistrationBean.java:248 - Mapping filter: 'requestContextFilter' to: [/*]
2020-09-16 18:40:37,235 [main] INFO  [o.s.scheduling.concurrent.ThreadPoolTaskExecutor] ExecutorConfigurationSupport.java:171 - Initializing ExecutorService 'applicationTaskExecutor'
2020-09-16 18:40:37,402 [main] INFO  [o.s.boot.web.embedded.tomcat.TomcatWebServer] TomcatWebServer.java:204 - Tomcat started on port(s): 8080 (http) with context path '/demoAop'
2020-09-16 18:40:37,404 [main] INFO  [com.johann.springbootaop.SpringbootAopApplication] StartupInfoLogger.java:59 - Started SpringbootAopApplication in 2.763 seconds (JVM running for 3.233)
2020-09-16 18:40:38,121 [http-nio-8080-exec-1] INFO  [o.a.c.c.C.[Tomcat].[localhost].[/demoAop]] DirectJDKLog.java:173 - Initializing Spring DispatcherServlet 'dispatcherServlet'
2020-09-16 18:40:38,122 [http-nio-8080-exec-1] INFO  [org.springframework.web.servlet.DispatcherServlet] FrameworkServlet.java:521 - Initializing Servlet 'dispatcherServlet'
2020-09-16 18:40:38,128 [http-nio-8080-exec-1] INFO  [org.springframework.web.servlet.DispatcherServlet] FrameworkServlet.java:543 - Completed initialization in 6 ms
2020-09-16 18:40:38,151 [http-nio-8080-exec-1] INFO  [com.johann.springbootaop.aspectConfig.AopLog] AopLog.java:56 - 【请求 URL】：http://localhost:8080/demoAop/testAop
2020-09-16 18:40:38,152 [http-nio-8080-exec-1] INFO  [com.johann.springbootaop.aspectConfig.AopLog] AopLog.java:57 - 【请求 IP】：0:0:0:0:0:0:0:1
2020-09-16 18:40:38,153 [http-nio-8080-exec-1] INFO  [com.johann.springbootaop.aspectConfig.AopLog] AopLog.java:58 - 【请求 类名】：com.johann.springbootaop.controller.AopController，【请求 方法名】：testAop
2020-09-16 18:40:38,168 [http-nio-8080-exec-1] INFO  [com.johann.springbootaop.aspectConfig.AopLog] AopLog.java:61 - 【请求参数】：{"name":["zhao"]}
2020-09-16 18:40:38,171 [http-nio-8080-exec-1] INFO  [com.johann.springbootaop.aspectConfig.AopLog] AopLog.java:79 - 【返回值】：{"name":"zhao"}
2020-09-16 18:40:38,171 [http-nio-8080-exec-1] INFO  [com.johann.springbootaop.aspectConfig.AopLog] AopLog.java:103 - 【请求耗时】：3毫秒
2020-09-16 18:40:38,181 [http-nio-8080-exec-1] INFO  [com.johann.springbootaop.aspectConfig.AopLog] AopLog.java:109 - 【浏览器类型】：CHROME8，【操作系统】：WINDOWS_10，【原始User-Agent】：Mozilla/5.0 (Windows NT 10.0; Win64; x64) AppleWebKit/537.36 (KHTML, like Gecko) Chrome/85.0.4183.102 Safari/537.36
2020-09-16 18:43:04,644 [main] INFO  [com.johann.springbootaop.SpringbootAopApplication] StartupInfoLogger.java:50 - Starting SpringbootAopApplication on Johann with PID 10460 (D:\springbootdemo\springboot-aop\target\classes started by Administrator in D:\springbootdemo)
2020-09-16 18:43:04,648 [main] INFO  [com.johann.springbootaop.SpringbootAopApplication] SpringApplication.java:675 - No active profile set, falling back to default profiles: default
2020-09-16 18:43:05,513 [main] INFO  [o.s.boot.web.embedded.tomcat.TomcatWebServer] TomcatWebServer.java:90 - Tomcat initialized with port(s): 8080 (http)
2020-09-16 18:43:05,524 [main] INFO  [org.apache.catalina.core.StandardService] DirectJDKLog.java:173 - Starting service [Tomcat]
2020-09-16 18:43:05,524 [main] INFO  [org.apache.catalina.core.StandardEngine] DirectJDKLog.java:173 - Starting Servlet Engine: Apache Tomcat/9.0.12
2020-09-16 18:43:05,528 [main] INFO  [org.apache.catalina.core.AprLifecycleListener] DirectJDKLog.java:173 - Loaded APR based Apache Tomcat Native library [1.2.17] using APR version [1.6.3].
2020-09-16 18:43:05,528 [main] INFO  [org.apache.catalina.core.AprLifecycleListener] DirectJDKLog.java:173 - APR capabilities: IPv6 [true], sendfile [true], accept filters [false], random [true].
2020-09-16 18:43:05,529 [main] INFO  [org.apache.catalina.core.AprLifecycleListener] DirectJDKLog.java:173 - APR/OpenSSL configuration: useAprConnector [false], useOpenSSL [true]
2020-09-16 18:43:06,557 [main] INFO  [org.apache.catalina.core.AprLifecycleListener] DirectJDKLog.java:173 - OpenSSL successfully initialized [OpenSSL 1.0.2o  27 Mar 2018]
2020-09-16 18:43:06,614 [main] INFO  [o.a.c.c.C.[Tomcat].[localhost].[/demoAop]] DirectJDKLog.java:173 - Initializing Spring embedded WebApplicationContext
2020-09-16 18:43:06,615 [main] INFO  [org.springframework.web.context.ContextLoader] ServletWebServerApplicationContext.java:285 - Root WebApplicationContext: initialization completed in 1928 ms
2020-09-16 18:43:06,635 [main] INFO  [o.s.boot.web.servlet.ServletRegistrationBean] ServletRegistrationBean.java:186 - Servlet dispatcherServlet mapped to [/]
2020-09-16 18:43:06,638 [main] INFO  [o.s.boot.web.servlet.FilterRegistrationBean] AbstractFilterRegistrationBean.java:248 - Mapping filter: 'characterEncodingFilter' to: [/*]
2020-09-16 18:43:06,638 [main] INFO  [o.s.boot.web.servlet.FilterRegistrationBean] AbstractFilterRegistrationBean.java:248 - Mapping filter: 'hiddenHttpMethodFilter' to: [/*]
2020-09-16 18:43:06,638 [main] INFO  [o.s.boot.web.servlet.FilterRegistrationBean] AbstractFilterRegistrationBean.java:248 - Mapping filter: 'formContentFilter' to: [/*]
2020-09-16 18:43:06,639 [main] INFO  [o.s.boot.web.servlet.FilterRegistrationBean] AbstractFilterRegistrationBean.java:248 - Mapping filter: 'requestContextFilter' to: [/*]
2020-09-16 18:43:06,843 [main] INFO  [o.s.scheduling.concurrent.ThreadPoolTaskExecutor] ExecutorConfigurationSupport.java:171 - Initializing ExecutorService 'applicationTaskExecutor'
2020-09-16 18:43:07,012 [main] INFO  [o.s.boot.web.embedded.tomcat.TomcatWebServer] TomcatWebServer.java:204 - Tomcat started on port(s): 8080 (http) with context path '/demoAop'
2020-09-16 18:43:07,054 [main] INFO  [com.johann.springbootaop.SpringbootAopApplication] StartupInfoLogger.java:59 - Started SpringbootAopApplication in 2.76 seconds (JVM running for 3.243)
2020-09-16 18:43:11,570 [http-nio-8080-exec-1] INFO  [o.a.c.c.C.[Tomcat].[localhost].[/demoAop]] DirectJDKLog.java:173 - Initializing Spring DispatcherServlet 'dispatcherServlet'
2020-09-16 18:43:11,570 [http-nio-8080-exec-1] INFO  [org.springframework.web.servlet.DispatcherServlet] FrameworkServlet.java:521 - Initializing Servlet 'dispatcherServlet'
2020-09-16 18:43:11,576 [http-nio-8080-exec-1] INFO  [org.springframework.web.servlet.DispatcherServlet] FrameworkServlet.java:543 - Completed initialization in 6 ms
2020-09-16 18:43:11,597 [http-nio-8080-exec-1] INFO  [com.johann.springbootaop.aspectConfig.AopLog] AopLog.java:77 - ######## Around Start ################
2020-09-16 18:43:11,598 [http-nio-8080-exec-1] INFO  [com.johann.springbootaop.aspectConfig.AopLog] AopLog.java:53 - ######## Before Start ################
2020-09-16 18:43:11,598 [http-nio-8080-exec-1] INFO  [com.johann.springbootaop.aspectConfig.AopLog] AopLog.java:56 - 【请求 URL】：http://localhost:8080/demoAop/testAop
2020-09-16 18:43:11,598 [http-nio-8080-exec-1] INFO  [com.johann.springbootaop.aspectConfig.AopLog] AopLog.java:57 - 【请求 IP】：0:0:0:0:0:0:0:1
2020-09-16 18:43:11,599 [http-nio-8080-exec-1] INFO  [com.johann.springbootaop.aspectConfig.AopLog] AopLog.java:58 - 【请求 类名】：com.johann.springbootaop.controller.AopController，【请求 方法名】：testAop
2020-09-16 18:43:11,614 [http-nio-8080-exec-1] INFO  [com.johann.springbootaop.aspectConfig.AopLog] AopLog.java:61 - 【请求参数】：{"name":["zhao"]}
2020-09-16 18:43:11,615 [http-nio-8080-exec-1] INFO  [com.johann.springbootaop.aspectConfig.AopLog] AopLog.java:65 - ######## Before End ################
2020-09-16 18:43:11,617 [http-nio-8080-exec-1] INFO  [com.johann.springbootaop.aspectConfig.AopLog] AopLog.java:81 - 【返回值】：{"name":"zhao"}
2020-09-16 18:43:11,618 [http-nio-8080-exec-1] INFO  [com.johann.springbootaop.aspectConfig.AopLog] AopLog.java:86 - ######## Around End ################
2020-09-16 18:43:11,618 [http-nio-8080-exec-1] INFO  [com.johann.springbootaop.aspectConfig.AopLog] AopLog.java:101 - ######## After Start ################
2020-09-16 18:43:11,618 [http-nio-8080-exec-1] INFO  [com.johann.springbootaop.aspectConfig.AopLog] AopLog.java:107 - 【请求耗时】：3毫秒
2020-09-16 18:43:11,626 [http-nio-8080-exec-1] INFO  [com.johann.springbootaop.aspectConfig.AopLog] AopLog.java:113 - 【浏览器类型】：CHROME8，【操作系统】：WINDOWS_10，【原始User-Agent】：Mozilla/5.0 (Windows NT 10.0; Win64; x64) AppleWebKit/537.36 (KHTML, like Gecko) Chrome/85.0.4183.102 Safari/537.36
2020-09-16 18:43:11,627 [http-nio-8080-exec-1] INFO  [com.johann.springbootaop.aspectConfig.AopLog] AopLog.java:114 - ######## After End ################
2020-09-16 18:43:42,384 [http-nio-8080-exec-2] INFO  [com.johann.springbootaop.aspectConfig.AopLog] AopLog.java:77 - ######## Around Start ################
2020-09-16 18:43:42,384 [http-nio-8080-exec-2] INFO  [com.johann.springbootaop.aspectConfig.AopLog] AopLog.java:53 - ######## Before Start ################
2020-09-16 18:43:42,384 [http-nio-8080-exec-2] INFO  [com.johann.springbootaop.aspectConfig.AopLog] AopLog.java:56 - 【请求 URL】：http://localhost:8080/demoAop/testAop
2020-09-16 18:43:42,384 [http-nio-8080-exec-2] INFO  [com.johann.springbootaop.aspectConfig.AopLog] AopLog.java:57 - 【请求 IP】：0:0:0:0:0:0:0:1
2020-09-16 18:43:42,385 [http-nio-8080-exec-2] INFO  [com.johann.springbootaop.aspectConfig.AopLog] AopLog.java:58 - 【请求 类名】：com.johann.springbootaop.controller.AopController，【请求 方法名】：testAop
2020-09-16 18:43:42,385 [http-nio-8080-exec-2] INFO  [com.johann.springbootaop.aspectConfig.AopLog] AopLog.java:61 - 【请求参数】：{"name":["yyr"]}
2020-09-16 18:43:42,385 [http-nio-8080-exec-2] INFO  [com.johann.springbootaop.aspectConfig.AopLog] AopLog.java:65 - ######## Before End ################
2020-09-16 18:43:42,385 [http-nio-8080-exec-2] INFO  [com.johann.springbootaop.aspectConfig.AopLog] AopLog.java:81 - 【返回值】：{"name":"yyr"}
2020-09-16 18:43:42,386 [http-nio-8080-exec-2] INFO  [com.johann.springbootaop.aspectConfig.AopLog] AopLog.java:86 - ######## Around End ################
2020-09-16 18:43:42,386 [http-nio-8080-exec-2] INFO  [com.johann.springbootaop.aspectConfig.AopLog] AopLog.java:101 - ######## After Start ################
2020-09-16 18:43:42,386 [http-nio-8080-exec-2] INFO  [com.johann.springbootaop.aspectConfig.AopLog] AopLog.java:107 - 【请求耗时】：1毫秒
2020-09-16 18:43:42,386 [http-nio-8080-exec-2] INFO  [com.johann.springbootaop.aspectConfig.AopLog] AopLog.java:113 - 【浏览器类型】：CHROME8，【操作系统】：WINDOWS_10，【原始User-Agent】：Mozilla/5.0 (Windows NT 10.0; Win64; x64) AppleWebKit/537.36 (KHTML, like Gecko) Chrome/85.0.4183.102 Safari/537.36
2020-09-16 18:43:42,387 [http-nio-8080-exec-2] INFO  [com.johann.springbootaop.aspectConfig.AopLog] AopLog.java:114 - ######## After End ################
